TN:
SF:/Users/brandon/code/interstice/packages/form/src/checkbox.js
FN:29,(anonymous_0)
FN:35,(anonymous_1)
FN:74,(anonymous_2)
FN:82,(anonymous_3)
FN:93,(anonymous_4)
FN:98,(anonymous_5)
FN:109,(anonymous_6)
FNF:7
FNH:6
FNDA:1,(anonymous_0)
FNDA:1,(anonymous_1)
FNDA:48,(anonymous_2)
FNDA:0,(anonymous_3)
FNDA:15,(anonymous_4)
FNDA:66,(anonymous_5)
FNDA:66,(anonymous_6)
DA:30,1
DA:36,1
DA:75,48
DA:76,48
DA:77,48
DA:78,48
DA:79,48
DA:83,0
DA:87,0
DA:88,0
DA:90,0
DA:94,15
DA:95,15
DA:99,66
DA:100,37
DA:106,29
DA:110,66
DA:123,1
LF:18
LH:14
BRDA:87,0,0,0
BRDA:87,0,1,0
BRDA:99,1,0,37
BRDA:99,1,1,29
BRF:4
BRH:2
end_of_record
TN:
SF:/Users/brandon/code/interstice/packages/form/src/checkboxgroup.js
FN:31,(anonymous_0)
FN:53,(anonymous_1)
FN:62,(anonymous_2)
FNF:3
FNH:3
FNDA:1,(anonymous_0)
FNDA:73,(anonymous_1)
FNDA:15,(anonymous_2)
DA:32,1
DA:54,73
DA:55,73
DA:62,15
DA:70,1
LF:5
LH:5
BRF:0
BRH:0
end_of_record
TN:
SF:/Users/brandon/code/interstice/packages/form/src/forminput.js
FN:33,(anonymous_0)
FN:52,(anonymous_1)
FN:199,(anonymous_2)
FN:216,(anonymous_3)
FN:220,(anonymous_4)
FN:222,(anonymous_5)
FN:226,(anonymous_6)
FN:228,(anonymous_7)
FN:232,(anonymous_8)
FN:236,(anonymous_9)
FN:240,(anonymous_10)
FN:249,(anonymous_11)
FN:258,(anonymous_12)
FN:275,(anonymous_13)
FN:279,(anonymous_14)
FN:286,(anonymous_15)
FNF:16
FNH:13
FNDA:1,(anonymous_0)
FNDA:4,(anonymous_1)
FNDA:63,(anonymous_2)
FNDA:89,(anonymous_3)
FNDA:0,(anonymous_4)
FNDA:89,(anonymous_5)
FNDA:0,(anonymous_6)
FNDA:134,(anonymous_7)
FNDA:66,(anonymous_8)
FNDA:66,(anonymous_9)
FNDA:89,(anonymous_10)
FNDA:89,(anonymous_11)
FNDA:66,(anonymous_12)
FNDA:89,(anonymous_13)
FNDA:0,(anonymous_14)
FNDA:89,(anonymous_15)
DA:34,1
DA:53,4
DA:200,63
DA:201,63
DA:202,63
DA:203,63
DA:204,63
DA:205,63
DA:206,63
DA:207,63
DA:208,63
DA:209,63
DA:210,63
DA:211,63
DA:212,63
DA:213,63
DA:217,89
DA:223,89
DA:229,134
DA:233,66
DA:237,66
DA:241,89
DA:242,68
DA:246,21
DA:250,89
DA:251,0
DA:255,89
DA:259,66
DA:276,89
DA:277,0
DA:279,0
DA:283,89
DA:287,89
LF:33
LH:30
BRDA:237,0,0,66
BRDA:237,0,1,56
BRDA:241,1,0,68
BRDA:241,1,1,21
BRDA:250,2,0,0
BRDA:250,2,1,89
BRDA:258,3,0,0
BRDA:276,4,0,0
BRDA:276,4,1,89
BRDA:288,5,0,0
BRDA:288,5,1,89
BRF:11
BRH:7
end_of_record
TN:
SF:/Users/brandon/code/interstice/packages/form/src/formselect.js
FN:6,(anonymous_0)
FN:20,(anonymous_1)
FN:30,(anonymous_2)
FN:45,(anonymous_3)
FN:56,(anonymous_4)
FN:60,(anonymous_5)
FN:66,(anonymous_6)
FN:70,(anonymous_7)
FN:76,(anonymous_8)
FN:85,(anonymous_9)
FN:93,(anonymous_10)
FN:97,(anonymous_11)
FN:104,(anonymous_12)
FN:105,(anonymous_13)
FN:109,(anonymous_14)
FN:116,(anonymous_15)
FN:123,(anonymous_16)
FN:130,(anonymous_17)
FN:135,(anonymous_18)
FN:139,(anonymous_19)
FN:146,(anonymous_20)
FN:149,(anonymous_21)
FN:153,(anonymous_22)
FN:154,(anonymous_23)
FN:157,(anonymous_24)
FNF:25
FNH:23
FNDA:1,(anonymous_0)
FNDA:2,(anonymous_1)
FNDA:15,(anonymous_2)
FNDA:15,(anonymous_3)
FNDA:13,(anonymous_4)
FNDA:5,(anonymous_5)
FNDA:73,(anonymous_6)
FNDA:12,(anonymous_7)
FNDA:3,(anonymous_8)
FNDA:10,(anonymous_9)
FNDA:73,(anonymous_10)
FNDA:73,(anonymous_11)
FNDA:60,(anonymous_12)
FNDA:120,(anonymous_13)
FNDA:13,(anonymous_14)
FNDA:503,(anonymous_15)
FNDA:73,(anonymous_16)
FNDA:73,(anonymous_17)
FNDA:86,(anonymous_18)
FNDA:23,(anonymous_19)
FNDA:0,(anonymous_20)
FNDA:0,(anonymous_21)
FNDA:23,(anonymous_22)
FNDA:73,(anonymous_23)
FNDA:23,(anonymous_24)
DA:7,1
DA:21,2
DA:31,15
DA:32,15
DA:33,15
DA:34,15
DA:35,15
DA:36,15
DA:37,15
DA:38,15
DA:39,15
DA:40,15
DA:41,15
DA:42,15
DA:46,15
DA:47,3
DA:48,3
DA:51,12
DA:53,12
DA:54,7
DA:56,13
DA:59,5
DA:60,5
DA:62,5
DA:67,73
DA:71,12
DA:72,1
DA:77,3
DA:78,3
DA:79,2
DA:81,1
DA:86,10
DA:94,73
DA:98,73
DA:99,33
DA:102,40
DA:105,120
DA:110,13
DA:111,0
DA:113,13
DA:117,503
DA:118,292
DA:120,211
DA:124,73
DA:125,73
DA:127,0
DA:131,73
DA:133,73
DA:135,86
DA:140,23
DA:141,10
DA:143,13
DA:150,0
DA:154,73
DA:158,23
LF:55
LH:52
BRDA:46,0,0,3
BRDA:46,0,1,12
BRDA:46,1,0,15
BRDA:46,1,1,7
BRDA:53,2,0,7
BRDA:53,2,1,5
BRDA:71,3,0,1
BRDA:71,3,1,11
BRDA:78,4,0,2
BRDA:78,4,1,1
BRDA:94,5,0,73
BRDA:94,5,1,40
BRDA:98,6,0,33
BRDA:98,6,1,40
BRDA:103,7,0,40
BRDA:103,7,1,20
BRDA:110,8,0,0
BRDA:110,8,1,13
BRDA:117,9,0,292
BRDA:117,9,1,211
BRDA:124,10,0,73
BRDA:124,10,1,0
BRDA:134,11,0,73
BRDA:134,11,1,10
BRDA:134,11,2,68
BRDA:140,12,0,10
BRDA:140,12,1,13
BRF:27
BRH:25
end_of_record
TN:
SF:/Users/brandon/code/interstice/packages/form/src/styles.js
FNF:0
FNH:0
DA:3,1
DA:11,1
LF:2
LH:2
BRF:0
BRH:0
end_of_record
TN:
SF:/Users/brandon/code/interstice/packages/form/src/utils.js
FN:1,(anonymous_0)
FNF:1
FNH:1
FNDA:576,(anonymous_0)
DA:1,1
DA:2,576
LF:2
LH:2
BRDA:2,0,0,576
BRDA:2,0,1,576
BRDA:2,0,2,365
BRF:3
BRH:3
end_of_record
TN:
SF:/Users/brandon/code/interstice/packages/form/tests/checkboxgroup.test.js
FN:11,(anonymous_0)
FN:12,(anonymous_1)
FN:20,(anonymous_2)
FN:28,(anonymous_3)
FN:36,(anonymous_4)
FN:51,(anonymous_5)
FN:68,(anonymous_6)
FN:80,(anonymous_7)
FN:93,(anonymous_8)
FN:100,(anonymous_9)
FN:108,(anonymous_10)
FN:117,(anonymous_11)
FN:122,(anonymous_12)
FN:129,(anonymous_13)
FN:133,(anonymous_14)
FN:137,(anonymous_15)
FN:148,(anonymous_16)
FN:160,(anonymous_17)
FN:169,(anonymous_18)
FN:184,(anonymous_19)
FN:197,(anonymous_20)
FN:201,(anonymous_21)
FNF:22
FNH:22
FNDA:1,(anonymous_0)
FNDA:1,(anonymous_1)
FNDA:1,(anonymous_2)
FNDA:1,(anonymous_3)
FNDA:1,(anonymous_4)
FNDA:1,(anonymous_5)
FNDA:1,(anonymous_6)
FNDA:1,(anonymous_7)
FNDA:1,(anonymous_8)
FNDA:3,(anonymous_9)
FNDA:1,(anonymous_10)
FNDA:3,(anonymous_11)
FNDA:1,(anonymous_12)
FNDA:4,(anonymous_13)
FNDA:1,(anonymous_14)
FNDA:1,(anonymous_15)
FNDA:1,(anonymous_16)
FNDA:3,(anonymous_17)
FNDA:1,(anonymous_18)
FNDA:1,(anonymous_19)
FNDA:2,(anonymous_20)
FNDA:1,(anonymous_21)
DA:5,1
DA:11,1
DA:12,1
DA:13,1
DA:17,1
DA:20,1
DA:21,1
DA:25,1
DA:28,1
DA:29,1
DA:33,1
DA:36,1
DA:37,1
DA:45,1
DA:47,1
DA:48,1
DA:51,1
DA:52,1
DA:61,1
DA:63,1
DA:64,1
DA:65,1
DA:68,1
DA:69,1
DA:77,1
DA:80,1
DA:81,1
DA:85,1
DA:90,1
DA:93,1
DA:94,1
DA:98,1
DA:100,1
DA:101,3
DA:102,3
DA:105,1
DA:108,1
DA:109,1
DA:113,1
DA:114,1
DA:116,1
DA:117,1
DA:118,3
DA:122,1
DA:123,1
DA:127,1
DA:129,1
DA:130,4
DA:133,1
DA:134,1
DA:137,1
DA:138,1
DA:142,1
DA:143,1
DA:145,1
DA:148,1
DA:149,1
DA:156,1
DA:158,1
DA:160,1
DA:161,3
DA:162,3
DA:163,3
DA:166,1
DA:169,1
DA:170,1
DA:178,1
DA:179,1
DA:181,1
DA:184,1
DA:185,1
DA:193,1
DA:194,1
DA:196,1
DA:197,2
DA:198,1
DA:201,1
DA:202,1
DA:206,1
LF:79
LH:79
BRF:0
BRH:0
end_of_record
